==163254== Memcheck, a memory error detector
==163254== Copyright (C) 2002-2017, and GNU GPL'd, by Julian Seward et al.
==163254== Using Valgrind-3.18.1 and LibVEX; rerun with -h for copyright info
==163254== Command: ./minirt base.rt
==163254== Parent PID: 44601
==163254== 
==163254== 
==163254== HEAP SUMMARY:
==163254==     in use at exit: 960 bytes in 3 blocks
==163254==   total heap usage: 4 allocs, 1 frees, 1,984 bytes allocated
==163254== 
==163254== 240 bytes in 1 blocks are definitely lost in loss record 1 of 3
==163254==    at 0x4848899: malloc (in /usr/libexec/valgrind/vgpreload_memcheck-amd64-linux.so)
==163254==    by 0x402845: init_structs (init_structs.c:11)
==163254==    by 0x402489: main (main.c:48)
==163254== 
==163254== 320 bytes in 1 blocks are definitely lost in loss record 2 of 3
==163254==    at 0x4848899: malloc (in /usr/libexec/valgrind/vgpreload_memcheck-amd64-linux.so)
==163254==    by 0x4028D9: init_structs (init_structs.c:22)
==163254==    by 0x402489: main (main.c:48)
==163254== 
==163254== 400 bytes in 1 blocks are definitely lost in loss record 3 of 3
==163254==    at 0x4848899: malloc (in /usr/libexec/valgrind/vgpreload_memcheck-amd64-linux.so)
==163254==    by 0x402887: init_structs (init_structs.c:15)
==163254==    by 0x402489: main (main.c:48)
==163254== 
==163254== LEAK SUMMARY:
==163254==    definitely lost: 960 bytes in 3 blocks
==163254==    indirectly lost: 0 bytes in 0 blocks
==163254==      possibly lost: 0 bytes in 0 blocks
==163254==    still reachable: 0 bytes in 0 blocks
==163254==         suppressed: 0 bytes in 0 blocks
==163254== 
==163254== For lists of detected and suppressed errors, rerun with: -s
==163254== ERROR SUMMARY: 3 errors from 3 contexts (suppressed: 0 from 0)
